2018-10-04 09:18:14,436  INFO - MESSAGE: Request starting HTTP/1.1 GET https://localhost:5001/  
 Microsoft.AspNetCore.Hosting.Internal.WebHost.? 2018-10-04 09:18:14,642  INFO - MESSAGE: Request finished in 208.2797ms 404 
 Microsoft.AspNetCore.Hosting.Internal.WebHost.? 2018-10-04 09:18:29,443  INFO - MESSAGE: Request starting HTTP/1.1 GET https://localhost:5001/api/user/users/6666666666  
 Microsoft.AspNetCore.Hosting.Internal.WebHost.? 2018-10-04 09:18:29,501  INFO - MESSAGE: Route matched with {action = "Get", controller = "User"}. Executing action TaskManager.Controllers.UserController.Get (TaskManager)
 Microsoft.AspNetCore.Mvc.Internal.ControllerActionInvoker.? 2018-10-04 09:18:29,605 DEBUG - MESSAGE: User Controller is Running
 TaskManager.Controllers.UserController.? 2018-10-04 09:18:29,629  INFO - MESSAGE: Executing action method TaskManager.Controllers.UserController.Get (TaskManager) with arguments (6666666666) - Validation state: Valid
 Microsoft.AspNetCore.Mvc.Internal.ControllerActionInvoker.? 2018-10-04 09:18:30,468  INFO - MESSAGE: Entity Framework Core 2.1.2-rtm-30932 initialized 'TaskManagerContext' using provider 'Npgsql.EntityFrameworkCore.PostgreSQL' with options: MaxPoolSize=128 MaxBatchSize=2147483647 
 Microsoft.EntityFrameworkCore.Infrastructure.? 2018-10-04 09:18:31,708  INFO - MESSAGE: Executed DbCommand (61ms) [Parameters=[@__seqUser_0='?' (DbType = Int64)], CommandType='Text', CommandTimeout='30']
SELECT x."NAME", x."EMAIL", x."SEQUSER", x."DATEREGISTER"
FROM "USER" AS x
WHERE x."SEQUSER" = @__seqUser_0
ORDER BY x."NAME"
LIMIT 1
 Microsoft.EntityFrameworkCore.Database.Command.? 2018-10-04 09:18:31,761  INFO - MESSAGE: Executed action method TaskManager.Controllers.UserController.Get (TaskManager), returned result Microsoft.AspNetCore.Mvc.OkObjectResult in 2127.8867ms.
 Microsoft.AspNetCore.Mvc.Internal.ControllerActionInvoker.? 2018-10-04 09:18:31,775  INFO - MESSAGE: Executing ObjectResult, writing value of type 'null'.
 Microsoft.AspNetCore.Mvc.Infrastructure.ObjectResultExecutor.? 2018-10-04 09:18:31,783  INFO - MESSAGE: Executed action TaskManager.Controllers.UserController.Get (TaskManager) in 2275.3907ms
 Microsoft.AspNetCore.Mvc.Internal.ControllerActionInvoker.? 2018-10-04 09:18:31,794  INFO - MESSAGE: Request finished in 2353.9963ms 204 
 Microsoft.AspNetCore.Hosting.Internal.WebHost.? 2018-10-04 09:18:57,504  INFO - MESSAGE: Request starting HTTP/1.1 GET https://localhost:5001/api/user/users/6666666666  
 Microsoft.AspNetCore.Hosting.Internal.WebHost.? 2018-10-04 09:18:57,517  INFO - MESSAGE: Route matched with {action = "Get", controller = "User"}. Executing action TaskManager.Controllers.UserController.Get (TaskManager)
 Microsoft.AspNetCore.Mvc.Internal.ControllerActionInvoker.? 2018-10-04 09:18:57,534 DEBUG - MESSAGE: User Controller is Running
 TaskManager.Controllers.UserController.? 2018-10-04 09:18:57,540  INFO - MESSAGE: Executing action method TaskManager.Controllers.UserController.Get (TaskManager) with arguments (6666666666) - Validation state: Valid
 Microsoft.AspNetCore.Mvc.Internal.ControllerActionInvoker.? 2018-10-04 09:18:57,559  INFO - MESSAGE: Executed DbCommand (3ms) [Parameters=[@__seqUser_0='?' (DbType = Int64)], CommandType='Text', CommandTimeout='30']
SELECT x."NAME", x."EMAIL", x."SEQUSER", x."DATEREGISTER"
FROM "USER" AS x
WHERE x."SEQUSER" = @__seqUser_0
ORDER BY x."NAME"
LIMIT 1
 Microsoft.EntityFrameworkCore.Database.Command.? 2018-10-04 09:18:57,563  INFO - MESSAGE: Executed action method TaskManager.Controllers.UserController.Get (TaskManager), returned result Microsoft.AspNetCore.Mvc.OkObjectResult in 17.3506ms.
 Microsoft.AspNetCore.Mvc.Internal.ControllerActionInvoker.? 2018-10-04 09:18:57,566  INFO - MESSAGE: Executing ObjectResult, writing value of type 'null'.
 Microsoft.AspNetCore.Mvc.Infrastructure.ObjectResultExecutor.? 2018-10-04 09:18:57,570  INFO - MESSAGE: Executed action TaskManager.Controllers.UserController.Get (TaskManager) in 48.1165ms
 Microsoft.AspNetCore.Mvc.Internal.ControllerActionInvoker.? 2018-10-04 09:18:57,577  INFO - MESSAGE: Request finished in 72.728ms 204 
 Microsoft.AspNetCore.Hosting.Internal.WebHost.? 2018-10-04 09:19:24,851  INFO - MESSAGE: Request starting HTTP/1.1 GET https://localhost:5001/api/user/users/6666666666  
 Microsoft.AspNetCore.Hosting.Internal.WebHost.? 2018-10-04 09:19:24,855  INFO - MESSAGE: Route matched with {action = "Get", controller = "User"}. Executing action TaskManager.Controllers.UserController.Get (TaskManager)
 Microsoft.AspNetCore.Mvc.Internal.ControllerActionInvoker.? 2018-10-04 09:19:24,861 DEBUG - MESSAGE: User Controller is Running
 TaskManager.Controllers.UserController.? 2018-10-04 09:19:24,874  INFO - MESSAGE: Executing action method TaskManager.Controllers.UserController.Get (TaskManager) with arguments (6666666666) - Validation state: Valid
 Microsoft.AspNetCore.Mvc.Internal.ControllerActionInvoker.? 2018-10-04 09:19:35,736  INFO - MESSAGE: Executed DbCommand (25ms) [Parameters=[@__seqUser_0='?' (DbType = Int64)], CommandType='Text', CommandTimeout='30']
SELECT x."NAME", x."EMAIL", x."SEQUSER", x."DATEREGISTER"
FROM "USER" AS x
WHERE x."SEQUSER" = @__seqUser_0
ORDER BY x."NAME"
LIMIT 1
 Microsoft.EntityFrameworkCore.Database.Command.? 2018-10-04 09:19:56,475  INFO - MESSAGE: Executed action method TaskManager.Controllers.UserController.Get (TaskManager), returned result Microsoft.AspNetCore.Mvc.OkObjectResult in 31591.1061ms.
 Microsoft.AspNetCore.Mvc.Internal.ControllerActionInvoker.? 2018-10-04 09:19:56,478  INFO - MESSAGE: Executing ObjectResult, writing value of type 'null'.
 Microsoft.AspNetCore.Mvc.Infrastructure.ObjectResultExecutor.? 2018-10-04 09:19:56,482  INFO - MESSAGE: Executed action TaskManager.Controllers.UserController.Get (TaskManager) in 31621.796ms
 Microsoft.AspNetCore.Mvc.Internal.ControllerActionInvoker.? 2018-10-04 09:19:56,485  INFO - MESSAGE: Request finished in 31633.7298ms 204 
 Microsoft.AspNetCore.Hosting.Internal.WebHost.? 2018-10-04 09:27:59,003  INFO - MESSAGE: Request starting HTTP/1.1 GET https://localhost:5001/  
 Microsoft.AspNetCore.Hosting.Internal.WebHost.? 2018-10-04 09:27:59,402  INFO - MESSAGE: Request finished in 405.9258ms 404 
 Microsoft.AspNetCore.Hosting.Internal.WebHost.? 2018-10-04 09:28:05,829  INFO - MESSAGE: Request starting HTTP/1.1 GET https://localhost:5001/api/user/users/6666666666  
 Microsoft.AspNetCore.Hosting.Internal.WebHost.? 2018-10-04 09:28:05,901  INFO - MESSAGE: Route matched with {action = "Get", controller = "User"}. Executing action TaskManager.Controllers.UserController.Get (TaskManager)
 Microsoft.AspNetCore.Mvc.Internal.ControllerActionInvoker.? 2018-10-04 09:28:06,003 DEBUG - MESSAGE: User Controller is Running
 TaskManager.Controllers.UserController.? 2018-10-04 09:28:06,023  INFO - MESSAGE: Executing action method TaskManager.Controllers.UserController.Get (TaskManager) with arguments (6666666666) - Validation state: Valid
 Microsoft.AspNetCore.Mvc.Internal.ControllerActionInvoker.? 2018-10-04 09:28:06,895  INFO - MESSAGE: Entity Framework Core 2.1.2-rtm-30932 initialized 'TaskManagerContext' using provider 'Npgsql.EntityFrameworkCore.PostgreSQL' with options: MaxPoolSize=128 MaxBatchSize=2147483647 
 Microsoft.EntityFrameworkCore.Infrastructure.? 2018-10-04 09:28:17,307  WARN - MESSAGE: The LINQ expression 'DefaultIfEmpty(__p_1)' could not be translated and will be evaluated locally.
 Microsoft.EntityFrameworkCore.Query.? 2018-10-04 09:28:17,311  WARN - MESSAGE: The LINQ expression 'FirstOrDefault()' could not be translated and will be evaluated locally.
 Microsoft.EntityFrameworkCore.Query.? 2018-10-04 09:28:17,490  INFO - MESSAGE: Executed DbCommand (57ms) [Parameters=[@__seqUser_0='?' (DbType = Int64)], CommandType='Text', CommandTimeout='30']
SELECT x."NAME", x."EMAIL", x."SEQUSER", x."DATEREGISTER"
FROM "USER" AS x
WHERE x."SEQUSER" = @__seqUser_0
ORDER BY x."NAME"
 Microsoft.EntityFrameworkCore.Database.Command.? 2018-10-04 09:28:21,867  INFO - MESSAGE: Executed action method TaskManager.Controllers.UserController.Get (TaskManager), returned result Microsoft.AspNetCore.Mvc.OkObjectResult in 15837.1692ms.
 Microsoft.AspNetCore.Mvc.Internal.ControllerActionInvoker.? 2018-10-04 09:28:21,884  INFO - MESSAGE: Executing ObjectResult, writing value of type 'null'.
 Microsoft.AspNetCore.Mvc.Infrastructure.ObjectResultExecutor.? 2018-10-04 09:28:21,890  INFO - MESSAGE: Executed action TaskManager.Controllers.UserController.Get (TaskManager) in 15983.39ms
 Microsoft.AspNetCore.Mvc.Internal.ControllerActionInvoker.? 2018-10-04 09:28:21,906  INFO - MESSAGE: Request finished in 16077.11ms 204 
 Microsoft.AspNetCore.Hosting.Internal.WebHost.? 2018-10-04 09:28:32,439  INFO - MESSAGE: Request starting HTTP/1.1 GET https://localhost:5001/api/user/users/6666666666  
 Microsoft.AspNetCore.Hosting.Internal.WebHost.? 2018-10-04 09:28:32,464  INFO - MESSAGE: Route matched with {action = "Get", controller = "User"}. Executing action TaskManager.Controllers.UserController.Get (TaskManager)
 Microsoft.AspNetCore.Mvc.Internal.ControllerActionInvoker.? 2018-10-04 09:28:32,475 DEBUG - MESSAGE: User Controller is Running
 TaskManager.Controllers.UserController.? 2018-10-04 09:28:32,536  INFO - MESSAGE: Executing action method TaskManager.Controllers.UserController.Get (TaskManager) with arguments (6666666666) - Validation state: Valid
 Microsoft.AspNetCore.Mvc.Internal.ControllerActionInvoker.? 2018-10-04 09:28:38,837  INFO - MESSAGE: Request starting HTTP/1.1 GET https://localhost:5001/api/user/users/6666666666  
 Microsoft.AspNetCore.Hosting.Internal.WebHost.? 2018-10-04 09:28:38,846  INFO - MESSAGE: Route matched with {action = "Get", controller = "User"}. Executing action TaskManager.Controllers.UserController.Get (TaskManager)
 Microsoft.AspNetCore.Mvc.Internal.ControllerActionInvoker.? 2018-10-04 09:28:38,852 DEBUG - MESSAGE: User Controller is Running
 TaskManager.Controllers.UserController.? 2018-10-04 09:28:38,864  INFO - MESSAGE: Executed DbCommand (10ms) [Parameters=[@__seqUser_0='?' (DbType = Int64)], CommandType='Text', CommandTimeout='30']
SELECT x."NAME", x."EMAIL", x."SEQUSER", x."DATEREGISTER"
FROM "USER" AS x
WHERE x."SEQUSER" = @__seqUser_0
ORDER BY x."NAME"
 Microsoft.EntityFrameworkCore.Database.Command.? 2018-10-04 09:28:38,867  INFO - MESSAGE: Executing action method TaskManager.Controllers.UserController.Get (TaskManager) with arguments (6666666666) - Validation state: Valid
 Microsoft.AspNetCore.Mvc.Internal.ControllerActionInvoker.? 2018-10-04 09:28:38,875  INFO - MESSAGE: Executed action method TaskManager.Controllers.UserController.Get (TaskManager), returned result Microsoft.AspNetCore.Mvc.OkObjectResult in 6322.9956ms.
 Microsoft.AspNetCore.Mvc.Internal.ControllerActionInvoker.? 2018-10-04 09:28:38,880  INFO - MESSAGE: Entity Framework Core 2.1.2-rtm-30932 initialized 'TaskManagerContext' using provider 'Npgsql.EntityFrameworkCore.PostgreSQL' with options: MaxPoolSize=128 MaxBatchSize=2147483647 
 Microsoft.EntityFrameworkCore.Infrastructure.? 2018-10-04 09:28:39,458  INFO - MESSAGE: Executing ObjectResult, writing value of type 'null'.
 Microsoft.AspNetCore.Mvc.Infrastructure.ObjectResultExecutor.? 2018-10-04 09:28:39,469  INFO - MESSAGE: Executed DbCommand (3ms) [Parameters=[@__seqUser_0='?' (DbType = Int64)], CommandType='Text', CommandTimeout='30']
SELECT x."NAME", x."EMAIL", x."SEQUSER", x."DATEREGISTER"
FROM "USER" AS x
WHERE x."SEQUSER" = @__seqUser_0
ORDER BY x."NAME"
 Microsoft.EntityFrameworkCore.Database.Command.? 2018-10-04 09:28:39,494  INFO - MESSAGE: Executed action TaskManager.Controllers.UserController.Get (TaskManager) in 7007.7896ms
 Microsoft.AspNetCore.Mvc.Internal.ControllerActionInvoker.? 2018-10-04 09:28:39,501  INFO - MESSAGE: Executed action method TaskManager.Controllers.UserController.Get (TaskManager), returned result Microsoft.AspNetCore.Mvc.OkObjectResult in 615.5844ms.
 Microsoft.AspNetCore.Mvc.Internal.ControllerActionInvoker.? 2018-10-04 09:28:39,518  INFO - MESSAGE: Request finished in 7075.3769ms 0 
 Microsoft.AspNetCore.Hosting.Internal.WebHost.? 2018-10-04 09:28:39,524  INFO - MESSAGE: Executing ObjectResult, writing value of type 'null'.
 Microsoft.AspNetCore.Mvc.Infrastructure.ObjectResultExecutor.? 2018-10-04 09:28:39,535  INFO - MESSAGE: Executed action TaskManager.Controllers.UserController.Get (TaskManager) in 685.6025ms
 Microsoft.AspNetCore.Mvc.Internal.ControllerActionInvoker.? 2018-10-04 09:28:39,558  INFO - MESSAGE: Request finished in 702.7308ms 204 
 Microsoft.AspNetCore.Hosting.Internal.WebHost.? 2018-10-04 09:28:48,605  INFO - MESSAGE: Request starting HTTP/1.1 GET https://localhost:5001/api/user/users/6666666666  
 Microsoft.AspNetCore.Hosting.Internal.WebHost.? 2018-10-04 09:28:48,609  INFO - MESSAGE: Route matched with {action = "Get", controller = "User"}. Executing action TaskManager.Controllers.UserController.Get (TaskManager)
 Microsoft.AspNetCore.Mvc.Internal.ControllerActionInvoker.? 2018-10-04 09:28:48,613 DEBUG - MESSAGE: User Controller is Running
 TaskManager.Controllers.UserController.? 2018-10-04 09:28:48,617  INFO - MESSAGE: Executing action method TaskManager.Controllers.UserController.Get (TaskManager) with arguments (6666666666) - Validation state: Valid
 Microsoft.AspNetCore.Mvc.Internal.ControllerActionInvoker.? 2018-10-04 09:28:51,738  INFO - MESSAGE: Executed DbCommand (1ms) [Parameters=[@__seqUser_0='?' (DbType = Int64)], CommandType='Text', CommandTimeout='30']
SELECT x."NAME", x."EMAIL", x."SEQUSER", x."DATEREGISTER"
FROM "USER" AS x
WHERE x."SEQUSER" = @__seqUser_0
ORDER BY x."NAME"
 Microsoft.EntityFrameworkCore.Database.Command.? 2018-10-04 09:28:51,742  INFO - MESSAGE: Executed action method TaskManager.Controllers.UserController.Get (TaskManager), returned result Microsoft.AspNetCore.Mvc.OkObjectResult in 3121.4608ms.
 Microsoft.AspNetCore.Mvc.Internal.ControllerActionInvoker.? 2018-10-04 09:28:51,746  INFO - MESSAGE: Executing ObjectResult, writing value of type 'null'.
 Microsoft.AspNetCore.Mvc.Infrastructure.ObjectResultExecutor.? 2018-10-04 09:28:51,749  INFO - MESSAGE: Executed action TaskManager.Controllers.UserController.Get (TaskManager) in 3136.9717ms
 Microsoft.AspNetCore.Mvc.Internal.ControllerActionInvoker.? 2018-10-04 09:28:51,762  INFO - MESSAGE: Request finished in 3152.2502ms 204 
 Microsoft.AspNetCore.Hosting.Internal.WebHost.? 2018-10-04 09:29:01,957  INFO - MESSAGE: Request starting HTTP/1.1 GET https://localhost:5001/api/user/users/2  
 Microsoft.AspNetCore.Hosting.Internal.WebHost.? 2018-10-04 09:29:01,962  INFO - MESSAGE: Route matched with {action = "Get", controller = "User"}. Executing action TaskManager.Controllers.UserController.Get (TaskManager)
 Microsoft.AspNetCore.Mvc.Internal.ControllerActionInvoker.? 2018-10-04 09:29:01,968 DEBUG - MESSAGE: User Controller is Running
 TaskManager.Controllers.UserController.? 2018-10-04 09:29:01,974  INFO - MESSAGE: Executing action method TaskManager.Controllers.UserController.Get (TaskManager) with arguments (2) - Validation state: Valid
 Microsoft.AspNetCore.Mvc.Internal.ControllerActionInvoker.? 2018-10-04 09:29:04,476  INFO - MESSAGE: Executed DbCommand (3ms) [Parameters=[@__seqUser_0='?' (DbType = Int64)], CommandType='Text', CommandTimeout='30']
SELECT x."NAME", x."EMAIL", x."SEQUSER", x."DATEREGISTER"
FROM "USER" AS x
WHERE x."SEQUSER" = @__seqUser_0
ORDER BY x."NAME"
 Microsoft.EntityFrameworkCore.Database.Command.? 2018-10-04 09:29:04,481  INFO - MESSAGE: Executed action method TaskManager.Controllers.UserController.Get (TaskManager), returned result Microsoft.AspNetCore.Mvc.OkObjectResult in 2502.6445ms.
 Microsoft.AspNetCore.Mvc.Internal.ControllerActionInvoker.? 2018-10-04 09:29:04,484  INFO - MESSAGE: Executing ObjectResult, writing value of type 'null'.
 Microsoft.AspNetCore.Mvc.Infrastructure.ObjectResultExecutor.? 2018-10-04 09:29:04,488  INFO - MESSAGE: Executed action TaskManager.Controllers.UserController.Get (TaskManager) in 2521.2574ms
 Microsoft.AspNetCore.Mvc.Internal.ControllerActionInvoker.? 2018-10-04 09:29:04,499  INFO - MESSAGE: Request finished in 2536.9867ms 204 
 Microsoft.AspNetCore.Hosting.Internal.WebHost.? 2018-10-04 09:29:20,185  INFO - MESSAGE: Request starting HTTP/1.1 GET https://localhost:5001/api/user/users/2  
 Microsoft.AspNetCore.Hosting.Internal.WebHost.? 2018-10-04 09:29:20,194  INFO - MESSAGE: Route matched with {action = "Get", controller = "User"}. Executing action TaskManager.Controllers.UserController.Get (TaskManager)
 Microsoft.AspNetCore.Mvc.Internal.ControllerActionInvoker.? 2018-10-04 09:29:20,200 DEBUG - MESSAGE: User Controller is Running
 TaskManager.Controllers.UserController.? 2018-10-04 09:29:20,203  INFO - MESSAGE: Executing action method TaskManager.Controllers.UserController.Get (TaskManager) with arguments (2) - Validation state: Valid
 Microsoft.AspNetCore.Mvc.Internal.ControllerActionInvoker.? 2018-10-04 09:29:24,739  INFO - MESSAGE: Executed DbCommand (7ms) [Parameters=[@__seqUser_0='?' (DbType = Int64)], CommandType='Text', CommandTimeout='30']
SELECT x."NAME", x."EMAIL", x."SEQUSER", x."DATEREGISTER"
FROM "USER" AS x
WHERE x."SEQUSER" = @__seqUser_0
ORDER BY x."NAME"
 Microsoft.EntityFrameworkCore.Database.Command.? 2018-10-04 09:29:24,744  INFO - MESSAGE: Executed action method TaskManager.Controllers.UserController.Get (TaskManager), returned result Microsoft.AspNetCore.Mvc.OkObjectResult in 4536.9696ms.
 Microsoft.AspNetCore.Mvc.Internal.ControllerActionInvoker.? 2018-10-04 09:29:24,747  INFO - MESSAGE: Executing ObjectResult, writing value of type 'null'.
 Microsoft.AspNetCore.Mvc.Infrastructure.ObjectResultExecutor.? 2018-10-04 09:29:24,750  INFO - MESSAGE: Executed action TaskManager.Controllers.UserController.Get (TaskManager) in 4551.1439ms
 Microsoft.AspNetCore.Mvc.Internal.ControllerActionInvoker.? 2018-10-04 09:29:24,756  INFO - MESSAGE: Request finished in 4570.9848ms 204 
 Microsoft.AspNetCore.Hosting.Internal.WebHost.? 2018-10-04 09:29:53,029  INFO - MESSAGE: Request starting HTTP/1.1 GET https://localhost:5001/api/user/users/55  
 Microsoft.AspNetCore.Hosting.Internal.WebHost.? 2018-10-04 09:29:53,034  INFO - MESSAGE: Route matched with {action = "Get", controller = "User"}. Executing action TaskManager.Controllers.UserController.Get (TaskManager)
 Microsoft.AspNetCore.Mvc.Internal.ControllerActionInvoker.? 2018-10-04 09:29:53,041 DEBUG - MESSAGE: User Controller is Running
 TaskManager.Controllers.UserController.? 2018-10-04 09:29:53,046  INFO - MESSAGE: Executing action method TaskManager.Controllers.UserController.Get (TaskManager) with arguments (55) - Validation state: Valid
 Microsoft.AspNetCore.Mvc.Internal.ControllerActionInvoker.? 2018-10-04 09:29:53,060  INFO - MESSAGE: Executed DbCommand (1ms) [Parameters=[@__seqUser_0='?' (DbType = Int64)], CommandType='Text', CommandTimeout='30']
SELECT x."NAME", x."EMAIL", x."SEQUSER", x."DATEREGISTER"
FROM "USER" AS x
WHERE x."SEQUSER" = @__seqUser_0
ORDER BY x."NAME"
 Microsoft.EntityFrameworkCore.Database.Command.? 2018-10-04 09:29:53,075  INFO - MESSAGE: Executed action method TaskManager.Controllers.UserController.Get (TaskManager), returned result Microsoft.AspNetCore.Mvc.OkObjectResult in 25.8412ms.
 Microsoft.AspNetCore.Mvc.Internal.ControllerActionInvoker.? 2018-10-04 09:29:53,077  INFO - MESSAGE: Executing ObjectResult, writing value of type 'TaskManager.Entities.EntitiesDTO.UserResponseDTO'.
 Microsoft.AspNetCore.Mvc.Infrastructure.ObjectResultExecutor.? 2018-10-04 09:29:53,095  INFO - MESSAGE: Executed action TaskManager.Controllers.UserController.Get (TaskManager) in 53.3423ms
 Microsoft.AspNetCore.Mvc.Internal.ControllerActionInvoker.? 2018-10-04 09:29:53,105  INFO - MESSAGE: Request finished in 74.9494ms 200 application/json; charset=utf-8
 Microsoft.AspNetCore.Hosting.Internal.WebHost.? 2018-10-04 09:29:57,634  INFO - MESSAGE: Request starting HTTP/1.1 GET https://localhost:5001/api/user/users/55  
 Microsoft.AspNetCore.Hosting.Internal.WebHost.? 2018-10-04 09:29:57,639  INFO - MESSAGE: Route matched with {action = "Get", controller = "User"}. Executing action TaskManager.Controllers.UserController.Get (TaskManager)
 Microsoft.AspNetCore.Mvc.Internal.ControllerActionInvoker.? 2018-10-04 09:29:57,643 DEBUG - MESSAGE: User Controller is Running
 TaskManager.Controllers.UserController.? 2018-10-04 09:29:57,647  INFO - MESSAGE: Executing action method TaskManager.Controllers.UserController.Get (TaskManager) with arguments (55) - Validation state: Valid
 Microsoft.AspNetCore.Mvc.Internal.ControllerActionInvoker.? 2018-10-04 09:29:57,654  INFO - MESSAGE: Executed DbCommand (1ms) [Parameters=[@__seqUser_0='?' (DbType = Int64)], CommandType='Text', CommandTimeout='30']
SELECT x."NAME", x."EMAIL", x."SEQUSER", x."DATEREGISTER"
FROM "USER" AS x
WHERE x."SEQUSER" = @__seqUser_0
ORDER BY x."NAME"
 Microsoft.EntityFrameworkCore.Database.Command.? 2018-10-04 09:29:57,657  INFO - MESSAGE: Executed action method TaskManager.Controllers.UserController.Get (TaskManager), returned result Microsoft.AspNetCore.Mvc.OkObjectResult in 5.1398ms.
 Microsoft.AspNetCore.Mvc.Internal.ControllerActionInvoker.? 2018-10-04 09:29:57,661  INFO - MESSAGE: Executing ObjectResult, writing value of type 'TaskManager.Entities.EntitiesDTO.UserResponseDTO'.
 Microsoft.AspNetCore.Mvc.Infrastructure.ObjectResultExecutor.? 2018-10-04 09:29:57,682  INFO - MESSAGE: Executed action TaskManager.Controllers.UserController.Get (TaskManager) in 22.8618ms
 Microsoft.AspNetCore.Mvc.Internal.ControllerActionInvoker.? 2018-10-04 09:29:57,699  INFO - MESSAGE: Request finished in 70.9823ms 200 application/json; charset=utf-8
 Microsoft.AspNetCore.Hosting.Internal.WebHost.? 2018-10-04 09:30:01,172  INFO - MESSAGE: Request starting HTTP/1.1 GET https://localhost:5001/api/user/users/2  
 Microsoft.AspNetCore.Hosting.Internal.WebHost.? 2018-10-04 09:30:01,201  INFO - MESSAGE: Route matched with {action = "Get", controller = "User"}. Executing action TaskManager.Controllers.UserController.Get (TaskManager)
 Microsoft.AspNetCore.Mvc.Internal.ControllerActionInvoker.? 2018-10-04 09:30:01,211 DEBUG - MESSAGE: User Controller is Running
 TaskManager.Controllers.UserController.? 2018-10-04 09:30:01,218  INFO - MESSAGE: Executing action method TaskManager.Controllers.UserController.Get (TaskManager) with arguments (2) - Validation state: Valid
 Microsoft.AspNetCore.Mvc.Internal.ControllerActionInvoker.? 2018-10-04 09:30:01,228  INFO - MESSAGE: Executed DbCommand (1ms) [Parameters=[@__seqUser_0='?' (DbType = Int64)], CommandType='Text', CommandTimeout='30']
SELECT x."NAME", x."EMAIL", x."SEQUSER", x."DATEREGISTER"
FROM "USER" AS x
WHERE x."SEQUSER" = @__seqUser_0
ORDER BY x."NAME"
 Microsoft.EntityFrameworkCore.Database.Command.? 2018-10-04 09:30:01,233  INFO - MESSAGE: Executed action method TaskManager.Controllers.UserController.Get (TaskManager), returned result Microsoft.AspNetCore.Mvc.OkObjectResult in 12.1182ms.
 Microsoft.AspNetCore.Mvc.Internal.ControllerActionInvoker.? 2018-10-04 09:30:01,237  INFO - MESSAGE: Executing ObjectResult, writing value of type 'null'.
 Microsoft.AspNetCore.Mvc.Infrastructure.ObjectResultExecutor.? 2018-10-04 09:30:01,242  INFO - MESSAGE: Executed action TaskManager.Controllers.UserController.Get (TaskManager) in 33.9987ms
 Microsoft.AspNetCore.Mvc.Internal.ControllerActionInvoker.? 2018-10-04 09:30:01,246  INFO - MESSAGE: Request finished in 76.9766ms 204 
 Microsoft.AspNetCore.Hosting.Internal.WebHost.? 2018-10-04 09:31:00,549  INFO - MESSAGE: Request starting HTTP/1.1 GET https://localhost:5001/  
 Microsoft.AspNetCore.Hosting.Internal.WebHost.? 2018-10-04 09:31:00,750  INFO - MESSAGE: Request finished in 206.7085ms 404 
 Microsoft.AspNetCore.Hosting.Internal.WebHost.? 2018-10-04 09:49:52,595  INFO - MESSAGE: Request starting HTTP/1.1 GET https://localhost:5001/swagger/index.html  
 Microsoft.AspNetCore.Hosting.Internal.WebHost.? 2018-10-04 09:49:52,797  INFO - MESSAGE: Request finished in 206.1082ms 200 text/html
 Microsoft.AspNetCore.Hosting.Internal.WebHost.? 2018-10-04 09:49:52,858  INFO - MESSAGE: Request starting HTTP/1.1 GET https://localhost:5001/swagger/swagger-ui-bundle.js  
 Microsoft.AspNetCore.Hosting.Internal.WebHost.? 2018-10-04 09:49:52,858  INFO - MESSAGE: Request starting HTTP/1.1 GET https://localhost:5001/swagger/swagger-ui.css  
 Microsoft.AspNetCore.Hosting.Internal.WebHost.? 2018-10-04 09:49:52,863  INFO - MESSAGE: Request starting HTTP/1.1 GET https://localhost:5001/swagger/swagger-ui-standalone-preset.js  
 Microsoft.AspNetCore.Hosting.Internal.WebHost.? 2018-10-04 09:49:52,940  INFO - MESSAGE: Sending file. Request path: '/swagger-ui.css'. Physical path: 'N/A'
 Microsoft.AspNetCore.StaticFiles.StaticFileMiddleware.? 2018-10-04 09:49:52,941  INFO - MESSAGE: Sending file. Request path: '/swagger-ui-standalone-preset.js'. Physical path: 'N/A'
 Microsoft.AspNetCore.StaticFiles.StaticFileMiddleware.? 2018-10-04 09:49:52,971  INFO - MESSAGE: Request finished in 112.2689ms 200 application/javascript
 Microsoft.AspNetCore.Hosting.Internal.WebHost.? 2018-10-04 09:49:52,973  INFO - MESSAGE: Request finished in 113.1255ms 200 text/css
 Microsoft.AspNetCore.Hosting.Internal.WebHost.? 2018-10-04 09:49:52,994  INFO - MESSAGE: Sending file. Request path: '/swagger-ui-bundle.js'. Physical path: 'N/A'
 Microsoft.AspNetCore.StaticFiles.StaticFileMiddleware.? 2018-10-04 09:49:52,997  INFO - MESSAGE: Request finished in 142.473ms 200 application/javascript
 Microsoft.AspNetCore.Hosting.Internal.WebHost.? 2018-10-04 09:49:53,323  INFO - MESSAGE: Request starting HTTP/1.1 GET https://localhost:5001/swagger/v1/swagger.json  
 Microsoft.AspNetCore.Hosting.Internal.WebHost.? 2018-10-04 09:49:53,335  INFO - MESSAGE: Request starting HTTP/1.1 GET https://localhost:5001/swagger/favicon-32x32.png  
 Microsoft.AspNetCore.Hosting.Internal.WebHost.? 2018-10-04 09:49:53,347  INFO - MESSAGE: Sending file. Request path: '/favicon-32x32.png'. Physical path: 'N/A'
 Microsoft.AspNetCore.StaticFiles.StaticFileMiddleware.? 2018-10-04 09:49:53,364  INFO - MESSAGE: Request finished in 18.1528ms 200 image/png
 Microsoft.AspNetCore.Hosting.Internal.WebHost.? 2018-10-04 09:49:53,377  INFO - MESSAGE: Request starting HTTP/1.1 GET https://localhost:5001/swagger/favicon-16x16.png  
 Microsoft.AspNetCore.Hosting.Internal.WebHost.? 2018-10-04 09:49:53,389  INFO - MESSAGE: Sending file. Request path: '/favicon-16x16.png'. Physical path: 'N/A'
 Microsoft.AspNetCore.StaticFiles.StaticFileMiddleware.? 2018-10-04 09:49:53,396  INFO - MESSAGE: Request finished in 20.7104ms 200 image/png
 Microsoft.AspNetCore.Hosting.Internal.WebHost.? 2018-10-04 09:49:53,526  INFO - MESSAGE: Request finished in 201.0249ms 200 application/json;charset=utf-8
 Microsoft.AspNetCore.Hosting.Internal.WebHost.? 2018-10-04 09:49:59,518  INFO - MESSAGE: Request starting HTTP/1.1 GET https://localhost:5001/api/user/users  
 Microsoft.AspNetCore.Hosting.Internal.WebHost.? 2018-10-04 09:49:59,566  INFO - MESSAGE: Route matched with {action = "Get", controller = "User"}. Executing action TaskManager.Controllers.UserController.Get (TaskManager)
 Microsoft.AspNetCore.Mvc.Internal.ControllerActionInvoker.? 2018-10-04 09:49:59,671 DEBUG - MESSAGE: User Controller is Running
 TaskManager.Controllers.UserController.? 2018-10-04 09:49:59,678  INFO - MESSAGE: Executing action method TaskManager.Controllers.UserController.Get (TaskManager) - Validation state: Valid
 Microsoft.AspNetCore.Mvc.Internal.ControllerActionInvoker.? 2018-10-04 09:50:00,633  INFO - MESSAGE: Entity Framework Core 2.1.2-rtm-30932 initialized 'TaskManagerContext' using provider 'Npgsql.EntityFrameworkCore.PostgreSQL' with options: MaxPoolSize=128 MaxBatchSize=2147483647 
 Microsoft.EntityFrameworkCore.Infrastructure.? 2018-10-04 09:50:01,696  INFO - MESSAGE: Executed DbCommand (20ms) [Parameters=[], CommandType='Text', CommandTimeout='30']
SELECT x."NAME", x."EMAIL", x."SEQUSER", x."DATEREGISTER"
FROM "USER" AS x
ORDER BY x."NAME"
 Microsoft.EntityFrameworkCore.Database.Command.? 2018-10-04 09:50:01,793  INFO - MESSAGE: Executed action method TaskManager.Controllers.UserController.Get (TaskManager), returned result Microsoft.AspNetCore.Mvc.OkObjectResult in 2110.4567ms.
 Microsoft.AspNetCore.Mvc.Internal.ControllerActionInvoker.? 2018-10-04 09:50:01,807  INFO - MESSAGE: Executing ObjectResult, writing value of type 'System.Collections.Generic.List`1[[TaskManager.Entities.EntitiesDTO.UserResponseDTO, TaskManager, Version=1.0.0.0, Culture=neutral, PublicKeyToken=null]]'.
 Microsoft.AspNetCore.Mvc.Infrastructure.ObjectResultExecutor.? 2018-10-04 09:50:01,866  INFO - MESSAGE: Executed action TaskManager.Controllers.UserController.Get (TaskManager) in 2292.9853ms
 Microsoft.AspNetCore.Mvc.Internal.ControllerActionInvoker.? 2018-10-04 09:50:01,875  INFO - MESSAGE: Request finished in 2357.6025ms 200 application/json; charset=utf-8
 Microsoft.AspNetCore.Hosting.Internal.WebHost.? 2018-10-04 09:50:34,326  INFO - MESSAGE: Request starting HTTP/1.1 GET https://localhost:5001/api/user/users/2  
 Microsoft.AspNetCore.Hosting.Internal.WebHost.? 2018-10-04 09:50:34,347  INFO - MESSAGE: Route matched with {action = "Get", controller = "User"}. Executing action TaskManager.Controllers.UserController.Get (TaskManager)
 Microsoft.AspNetCore.Mvc.Internal.ControllerActionInvoker.? 2018-10-04 09:50:34,358 DEBUG - MESSAGE: User Controller is Running
 TaskManager.Controllers.UserController.? 2018-10-04 09:50:34,376  INFO - MESSAGE: Executing action method TaskManager.Controllers.UserController.Get (TaskManager) with arguments (2) - Validation state: Valid
 Microsoft.AspNetCore.Mvc.Internal.ControllerActionInvoker.? 2018-10-04 09:50:34,460  INFO - MESSAGE: Executed DbCommand (6ms) [Parameters=[@__seqUser_0='?' (DbType = Int64)], CommandType='Text', CommandTimeout='30']
SELECT x."NAME", x."EMAIL", x."SEQUSER", x."DATEREGISTER"
FROM "USER" AS x
WHERE x."SEQUSER" = @__seqUser_0
ORDER BY x."NAME"
LIMIT 1
 Microsoft.EntityFrameworkCore.Database.Command.? 2018-10-04 09:50:34,472  INFO - MESSAGE: Executed action method TaskManager.Controllers.UserController.Get (TaskManager), returned result Microsoft.AspNetCore.Mvc.NotFoundResult in 91.7282ms.
 Microsoft.AspNetCore.Mvc.Internal.ControllerActionInvoker.? 2018-10-04 09:50:34,478  INFO - MESSAGE: Executing HttpStatusCodeResult, setting HTTP status code 404
 Microsoft.AspNetCore.Mvc.StatusCodeResult.? 2018-10-04 09:50:34,481  INFO - MESSAGE: Executed action TaskManager.Controllers.UserController.Get (TaskManager) in 130.7547ms
 Microsoft.AspNetCore.Mvc.Internal.ControllerActionInvoker.? 2018-10-04 09:50:34,485  INFO - MESSAGE: Request finished in 165.3778ms 404 
 Microsoft.AspNetCore.Hosting.Internal.WebHost.? 2018-10-04 09:50:58,473  INFO - MESSAGE: Request starting HTTP/1.1 GET https://localhost:5001/api/user/users/2  
 Microsoft.AspNetCore.Hosting.Internal.WebHost.? 2018-10-04 09:50:58,480  INFO - MESSAGE: Route matched with {action = "Get", controller = "User"}. Executing action TaskManager.Controllers.UserController.Get (TaskManager)
 Microsoft.AspNetCore.Mvc.Internal.ControllerActionInvoker.? 2018-10-04 09:50:58,483 DEBUG - MESSAGE: User Controller is Running
 TaskManager.Controllers.UserController.? 2018-10-04 09:50:58,486  INFO - MESSAGE: Executing action method TaskManager.Controllers.UserController.Get (TaskManager) with arguments (2) - Validation state: Valid
 Microsoft.AspNetCore.Mvc.Internal.ControllerActionInvoker.? 2018-10-04 09:50:58,503  INFO - MESSAGE: Executed DbCommand (2ms) [Parameters=[@__seqUser_0='?' (DbType = Int64)], CommandType='Text', CommandTimeout='30']
SELECT x."NAME", x."EMAIL", x."SEQUSER", x."DATEREGISTER"
FROM "USER" AS x
WHERE x."SEQUSER" = @__seqUser_0
ORDER BY x."NAME"
LIMIT 1
 Microsoft.EntityFrameworkCore.Database.Command.? 2018-10-04 09:50:58,505  INFO - MESSAGE: Executed action method TaskManager.Controllers.UserController.Get (TaskManager), returned result Microsoft.AspNetCore.Mvc.NotFoundResult in 15.8212ms.
 Microsoft.AspNetCore.Mvc.Internal.ControllerActionInvoker.? 2018-10-04 09:50:58,508  INFO - MESSAGE: Executing HttpStatusCodeResult, setting HTTP status code 404
 Microsoft.AspNetCore.Mvc.StatusCodeResult.? 2018-10-04 09:50:58,511  INFO - MESSAGE: Executed action TaskManager.Controllers.UserController.Get (TaskManager) in 27.772ms
 Microsoft.AspNetCore.Mvc.Internal.ControllerActionInvoker.? 2018-10-04 09:50:58,517  INFO - MESSAGE: Request finished in 43.6299ms 404 
 Microsoft.AspNetCore.Hosting.Internal.WebHost.? 2018-10-04 09:51:01,860  INFO - MESSAGE: Request starting HTTP/1.1 GET https://localhost:5001/api/user/users/66666666666  
 Microsoft.AspNetCore.Hosting.Internal.WebHost.? 2018-10-04 09:51:01,863  INFO - MESSAGE: Route matched with {action = "Get", controller = "User"}. Executing action TaskManager.Controllers.UserController.Get (TaskManager)
 Microsoft.AspNetCore.Mvc.Internal.ControllerActionInvoker.? 2018-10-04 09:51:01,867 DEBUG - MESSAGE: User Controller is Running
 TaskManager.Controllers.UserController.? 2018-10-04 09:51:01,873  INFO - MESSAGE: Executing action method TaskManager.Controllers.UserController.Get (TaskManager) with arguments (66666666666) - Validation state: Valid
 Microsoft.AspNetCore.Mvc.Internal.ControllerActionInvoker.? 2018-10-04 09:51:01,881  INFO - MESSAGE: Executed DbCommand (2ms) [Parameters=[@__seqUser_0='?' (DbType = Int64)], CommandType='Text', CommandTimeout='30']
SELECT x."NAME", x."EMAIL", x."SEQUSER", x."DATEREGISTER"
FROM "USER" AS x
WHERE x."SEQUSER" = @__seqUser_0
ORDER BY x."NAME"
LIMIT 1
 Microsoft.EntityFrameworkCore.Database.Command.? 2018-10-04 09:51:01,885  INFO - MESSAGE: Executed action method TaskManager.Controllers.UserController.Get (TaskManager), returned result Microsoft.AspNetCore.Mvc.NotFoundResult in 8.0694ms.
 Microsoft.AspNetCore.Mvc.Internal.ControllerActionInvoker.? 2018-10-04 09:51:01,890  INFO - MESSAGE: Executing HttpStatusCodeResult, setting HTTP status code 404
 Microsoft.AspNetCore.Mvc.StatusCodeResult.? 2018-10-04 09:51:01,894  INFO - MESSAGE: Executed action TaskManager.Controllers.UserController.Get (TaskManager) in 27.2192ms
 Microsoft.AspNetCore.Mvc.Internal.ControllerActionInvoker.? 2018-10-04 09:51:01,898  INFO - MESSAGE: Request finished in 41.9722ms 404 
 Microsoft.AspNetCore.Hosting.Internal.WebHost.? 2018-10-04 09:51:07,765  INFO - MESSAGE: Request starting HTTP/1.1 GET https://localhost:5001/api/user/users/6  
 Microsoft.AspNetCore.Hosting.Internal.WebHost.? 2018-10-04 09:51:07,770  INFO - MESSAGE: Route matched with {action = "Get", controller = "User"}. Executing action TaskManager.Controllers.UserController.Get (TaskManager)
 Microsoft.AspNetCore.Mvc.Internal.ControllerActionInvoker.? 2018-10-04 09:51:07,818 DEBUG - MESSAGE: User Controller is Running
 TaskManager.Controllers.UserController.? 2018-10-04 09:51:07,831  INFO - MESSAGE: Executing action method TaskManager.Controllers.UserController.Get (TaskManager) with arguments (6) - Validation state: Valid
 Microsoft.AspNetCore.Mvc.Internal.ControllerActionInvoker.? 2018-10-04 09:51:07,836  INFO - MESSAGE: Executed DbCommand (1ms) [Parameters=[@__seqUser_0='?' (DbType = Int64)], CommandType='Text', CommandTimeout='30']
SELECT x."NAME", x."EMAIL", x."SEQUSER", x."DATEREGISTER"
FROM "USER" AS x
WHERE x."SEQUSER" = @__seqUser_0
ORDER BY x."NAME"
LIMIT 1
 Microsoft.EntityFrameworkCore.Database.Command.? 2018-10-04 09:51:07,840  INFO - MESSAGE: Executed action method TaskManager.Controllers.UserController.Get (TaskManager), returned result Microsoft.AspNetCore.Mvc.NotFoundResult in 5.2909ms.
 Microsoft.AspNetCore.Mvc.Internal.ControllerActionInvoker.? 2018-10-04 09:51:07,846  INFO - MESSAGE: Executing HttpStatusCodeResult, setting HTTP status code 404
 Microsoft.AspNetCore.Mvc.StatusCodeResult.? 2018-10-04 09:51:07,849  INFO - MESSAGE: Executed action TaskManager.Controllers.UserController.Get (TaskManager) in 74.7934ms
 Microsoft.AspNetCore.Mvc.Internal.ControllerActionInvoker.? 2018-10-04 09:51:07,853  INFO - MESSAGE: Request finished in 86.1605ms 404 
 Microsoft.AspNetCore.Hosting.Internal.WebHost.? 2018-10-04 09:51:12,238  INFO - MESSAGE: Request starting HTTP/1.1 GET https://localhost:5001/api/user/users/55  
 Microsoft.AspNetCore.Hosting.Internal.WebHost.? 2018-10-04 09:51:12,245  INFO - MESSAGE: Route matched with {action = "Get", controller = "User"}. Executing action TaskManager.Controllers.UserController.Get (TaskManager)
 Microsoft.AspNetCore.Mvc.Internal.ControllerActionInvoker.? 2018-10-04 09:51:12,286 DEBUG - MESSAGE: User Controller is Running
 TaskManager.Controllers.UserController.? 2018-10-04 09:51:12,299  INFO - MESSAGE: Executing action method TaskManager.Controllers.UserController.Get (TaskManager) with arguments (55) - Validation state: Valid
 Microsoft.AspNetCore.Mvc.Internal.ControllerActionInvoker.? 2018-10-04 09:51:12,305  INFO - MESSAGE: Executed DbCommand (1ms) [Parameters=[@__seqUser_0='?' (DbType = Int64)], CommandType='Text', CommandTimeout='30']
SELECT x."NAME", x."EMAIL", x."SEQUSER", x."DATEREGISTER"
FROM "USER" AS x
WHERE x."SEQUSER" = @__seqUser_0
ORDER BY x."NAME"
LIMIT 1
 Microsoft.EntityFrameworkCore.Database.Command.? 2018-10-04 09:51:12,311  INFO - MESSAGE: Executed action method TaskManager.Controllers.UserController.Get (TaskManager), returned result Microsoft.AspNetCore.Mvc.OkObjectResult in 8.24ms.
 Microsoft.AspNetCore.Mvc.Internal.ControllerActionInvoker.? 2018-10-04 09:51:12,315  INFO - MESSAGE: Executing ObjectResult, writing value of type 'TaskManager.Entities.EntitiesDTO.UserResponseDTO'.
 Microsoft.AspNetCore.Mvc.Infrastructure.ObjectResultExecutor.? 2018-10-04 09:51:12,318  INFO - MESSAGE: Executed action TaskManager.Controllers.UserController.Get (TaskManager) in 70.0211ms
 Microsoft.AspNetCore.Mvc.Internal.ControllerActionInvoker.? 2018-10-04 09:51:12,322  INFO - MESSAGE: Request finished in 84.1819ms 200 application/json; charset=utf-8
 Microsoft.AspNetCore.Hosting.Internal.WebHost.? 2018-10-04 09:51:24,593  INFO - MESSAGE: Request starting HTTP/1.1 GET https://localhost:5001/api/user/users/55  
 Microsoft.AspNetCore.Hosting.Internal.WebHost.? 2018-10-04 09:51:24,600  INFO - MESSAGE: Route matched with {action = "Get", controller = "User"}. Executing action TaskManager.Controllers.UserController.Get (TaskManager)
 Microsoft.AspNetCore.Mvc.Internal.ControllerActionInvoker.? 2018-10-04 09:51:24,607 DEBUG - MESSAGE: User Controller is Running
 TaskManager.Controllers.UserController.? 2018-10-04 09:51:24,613  INFO - MESSAGE: Executing action method TaskManager.Controllers.UserController.Get (TaskManager) with arguments (55) - Validation state: Valid
 Microsoft.AspNetCore.Mvc.Internal.ControllerActionInvoker.? 2018-10-04 09:51:24,619  INFO - MESSAGE: Executed DbCommand (1ms) [Parameters=[@__seqUser_0='?' (DbType = Int64)], CommandType='Text', CommandTimeout='30']
SELECT x."NAME", x."EMAIL", x."SEQUSER", x."DATEREGISTER"
FROM "USER" AS x
WHERE x."SEQUSER" = @__seqUser_0
ORDER BY x."NAME"
LIMIT 1
 Microsoft.EntityFrameworkCore.Database.Command.? 2018-10-04 09:51:24,623  INFO - MESSAGE: Executed action method TaskManager.Controllers.UserController.Get (TaskManager), returned result Microsoft.AspNetCore.Mvc.OkObjectResult in 6.4039ms.
 Microsoft.AspNetCore.Mvc.Internal.ControllerActionInvoker.? 2018-10-04 09:51:24,627  INFO - MESSAGE: Executing ObjectResult, writing value of type 'TaskManager.Entities.EntitiesDTO.UserResponseDTO'.
 Microsoft.AspNetCore.Mvc.Infrastructure.ObjectResultExecutor.? 2018-10-04 09:51:24,631  INFO - MESSAGE: Executed action TaskManager.Controllers.UserController.Get (TaskManager) in 26.0645ms
 Microsoft.AspNetCore.Mvc.Internal.ControllerActionInvoker.? 2018-10-04 09:51:24,637  INFO - MESSAGE: Request finished in 48.38ms 200 application/json; charset=utf-8
 Microsoft.AspNetCore.Hosting.Internal.WebHost.? 2018-10-04 09:51:28,328  INFO - MESSAGE: Request starting HTTP/1.1 GET https://localhost:5001/api/user/users/6  
 Microsoft.AspNetCore.Hosting.Internal.WebHost.? 2018-10-04 09:51:28,333  INFO - MESSAGE: Route matched with {action = "Get", controller = "User"}. Executing action TaskManager.Controllers.UserController.Get (TaskManager)
 Microsoft.AspNetCore.Mvc.Internal.ControllerActionInvoker.? 2018-10-04 09:51:28,337 DEBUG - MESSAGE: User Controller is Running
 TaskManager.Controllers.UserController.? 2018-10-04 09:51:28,341  INFO - MESSAGE: Executing action method TaskManager.Controllers.UserController.Get (TaskManager) with arguments (6) - Validation state: Valid
 Microsoft.AspNetCore.Mvc.Internal.ControllerActionInvoker.? 2018-10-04 09:51:28,350  INFO - MESSAGE: Executed DbCommand (2ms) [Parameters=[@__seqUser_0='?' (DbType = Int64)], CommandType='Text', CommandTimeout='30']
SELECT x."NAME", x."EMAIL", x."SEQUSER", x."DATEREGISTER"
FROM "USER" AS x
WHERE x."SEQUSER" = @__seqUser_0
ORDER BY x."NAME"
LIMIT 1
 Microsoft.EntityFrameworkCore.Database.Command.? 2018-10-04 09:51:28,355  INFO - MESSAGE: Executed action method TaskManager.Controllers.UserController.Get (TaskManager), returned result Microsoft.AspNetCore.Mvc.NotFoundResult in 8.9176ms.
 Microsoft.AspNetCore.Mvc.Internal.ControllerActionInvoker.? 2018-10-04 09:51:28,359  INFO - MESSAGE: Executing HttpStatusCodeResult, setting HTTP status code 404
 Microsoft.AspNetCore.Mvc.StatusCodeResult.? 2018-10-04 09:51:28,362  INFO - MESSAGE: Executed action TaskManager.Controllers.UserController.Get (TaskManager) in 25.5702ms
 Microsoft.AspNetCore.Mvc.Internal.ControllerActionInvoker.? 2018-10-04 09:51:28,366  INFO - MESSAGE: Request finished in 39.6373ms 404 
 Microsoft.AspNetCore.Hosting.Internal.WebHost.? 2018-10-04 09:51:32,754  INFO - MESSAGE: Request starting HTTP/1.1 GET https://localhost:5001/api/user/users/7  
 Microsoft.AspNetCore.Hosting.Internal.WebHost.? 2018-10-04 09:51:32,758  INFO - MESSAGE: Route matched with {action = "Get", controller = "User"}. Executing action TaskManager.Controllers.UserController.Get (TaskManager)
 Microsoft.AspNetCore.Mvc.Internal.ControllerActionInvoker.? 2018-10-04 09:51:32,761 DEBUG - MESSAGE: User Controller is Running
 TaskManager.Controllers.UserController.? 2018-10-04 09:51:32,766  INFO - MESSAGE: Executing action method TaskManager.Controllers.UserController.Get (TaskManager) with arguments (7) - Validation state: Valid
 Microsoft.AspNetCore.Mvc.Internal.ControllerActionInvoker.? 2018-10-04 09:51:32,775  INFO - MESSAGE: Executed DbCommand (1ms) [Parameters=[@__seqUser_0='?' (DbType = Int64)], CommandType='Text', CommandTimeout='30']
SELECT x."NAME", x."EMAIL", x."SEQUSER", x."DATEREGISTER"
FROM "USER" AS x
WHERE x."SEQUSER" = @__seqUser_0
ORDER BY x."NAME"
LIMIT 1
 Microsoft.EntityFrameworkCore.Database.Command.? 2018-10-04 09:51:32,778  INFO - MESSAGE: Executed action method TaskManager.Controllers.UserController.Get (TaskManager), returned result Microsoft.AspNetCore.Mvc.NotFoundResult in 6.1524ms.
 Microsoft.AspNetCore.Mvc.Internal.ControllerActionInvoker.? 2018-10-04 09:51:32,782  INFO - MESSAGE: Executing HttpStatusCodeResult, setting HTTP status code 404
 Microsoft.AspNetCore.Mvc.StatusCodeResult.? 2018-10-04 09:51:32,789  INFO - MESSAGE: Executed action TaskManager.Controllers.UserController.Get (TaskManager) in 28.2864ms
 Microsoft.AspNetCore.Mvc.Internal.ControllerActionInvoker.? 2018-10-04 09:51:32,793  INFO - MESSAGE: Request finished in 41.8355ms 404 
 Microsoft.AspNetCore.Hosting.Internal.WebHost.? 2018-10-04 09:51:35,394  INFO - MESSAGE: Request starting HTTP/1.1 GET https://localhost:5001/api/user/users/8  
 Microsoft.AspNetCore.Hosting.Internal.WebHost.? 2018-10-04 09:51:35,399  INFO - MESSAGE: Route matched with {action = "Get", controller = "User"}. Executing action TaskManager.Controllers.UserController.Get (TaskManager)
 Microsoft.AspNetCore.Mvc.Internal.ControllerActionInvoker.? 2018-10-04 09:51:35,405 DEBUG - MESSAGE: User Controller is Running
 TaskManager.Controllers.UserController.? 2018-10-04 09:51:35,408  INFO - MESSAGE: Executing action method TaskManager.Controllers.UserController.Get (TaskManager) with arguments (8) - Validation state: Valid
 Microsoft.AspNetCore.Mvc.Internal.ControllerActionInvoker.? 2018-10-04 09:51:35,420  INFO - MESSAGE: Executed DbCommand (5ms) [Parameters=[@__seqUser_0='?' (DbType = Int64)], CommandType='Text', CommandTimeout='30']
SELECT x."NAME", x."EMAIL", x."SEQUSER", x."DATEREGISTER"
FROM "USER" AS x
WHERE x."SEQUSER" = @__seqUser_0
ORDER BY x."NAME"
LIMIT 1
 Microsoft.EntityFrameworkCore.Database.Command.? 2018-10-04 09:51:35,424  INFO - MESSAGE: Executed action method TaskManager.Controllers.UserController.Get (TaskManager), returned result Microsoft.AspNetCore.Mvc.NotFoundResult in 11.9046ms.
 Microsoft.AspNetCore.Mvc.Internal.ControllerActionInvoker.? 2018-10-04 09:51:35,428  INFO - MESSAGE: Executing HttpStatusCodeResult, setting HTTP status code 404
 Microsoft.AspNetCore.Mvc.StatusCodeResult.? 2018-10-04 09:51:35,432  INFO - MESSAGE: Executed action TaskManager.Controllers.UserController.Get (TaskManager) in 26.7096ms
 Microsoft.AspNetCore.Mvc.Internal.ControllerActionInvoker.? 2018-10-04 09:51:35,438  INFO - MESSAGE: Request finished in 44.1918ms 404 
 Microsoft.AspNetCore.Hosting.Internal.WebHost.? 2018-10-04 09:51:37,840  INFO - MESSAGE: Request starting HTTP/1.1 GET https://localhost:5001/api/user/users/9  
 Microsoft.AspNetCore.Hosting.Internal.WebHost.? 2018-10-04 09:51:37,843  INFO - MESSAGE: Route matched with {action = "Get", controller = "User"}. Executing action TaskManager.Controllers.UserController.Get (TaskManager)
 Microsoft.AspNetCore.Mvc.Internal.ControllerActionInvoker.? 2018-10-04 09:51:37,851 DEBUG - MESSAGE: User Controller is Running
 TaskManager.Controllers.UserController.? 2018-10-04 09:51:37,855  INFO - MESSAGE: Executing action method TaskManager.Controllers.UserController.Get (TaskManager) with arguments (9) - Validation state: Valid
 Microsoft.AspNetCore.Mvc.Internal.ControllerActionInvoker.? 2018-10-04 09:51:37,862  INFO - MESSAGE: Executed DbCommand (2ms) [Parameters=[@__seqUser_0='?' (DbType = Int64)], CommandType='Text', CommandTimeout='30']
SELECT x."NAME", x."EMAIL", x."SEQUSER", x."DATEREGISTER"
FROM "USER" AS x
WHERE x."SEQUSER" = @__seqUser_0
ORDER BY x."NAME"
LIMIT 1
 Microsoft.EntityFrameworkCore.Database.Command.? 2018-10-04 09:51:37,869  INFO - MESSAGE: Executed action method TaskManager.Controllers.UserController.Get (TaskManager), returned result Microsoft.AspNetCore.Mvc.NotFoundResult in 8.6925ms.
 Microsoft.AspNetCore.Mvc.Internal.ControllerActionInvoker.? 2018-10-04 09:51:37,873  INFO - MESSAGE: Executing HttpStatusCodeResult, setting HTTP status code 404
 Microsoft.AspNetCore.Mvc.StatusCodeResult.? 2018-10-04 09:51:37,876  INFO - MESSAGE: Executed action TaskManager.Controllers.UserController.Get (TaskManager) in 27.4388ms
 Microsoft.AspNetCore.Mvc.Internal.ControllerActionInvoker.? 2018-10-04 09:51:37,880  INFO - MESSAGE: Request finished in 41.2412ms 404 
 Microsoft.AspNetCore.Hosting.Internal.WebHost.? 